<?xml version="1.0" encoding="UTF-8"?>
<!-- Generated by org.testng.reporters.JUnitXMLReporter -->
<testsuite ignored="0" hostname="DESKTOP-FRE1AQT" failures="0" tests="4" name="Exlat_Parellel_Test" time="70.309" errors="0" timestamp="2023-10-16T13:02:00 IST">
  <testcase classname="EXLAT_PACKAGE.SauceAddToCartTest" name="AddToCart" time="2.563"/>
  <testcase classname="EXLAT_PACKAGE.SauceLogOut" name="logout" time="5.306"/>
  <testcase classname="EXLAT_PACKAGE.SauceRemoveFromCart" name="RemoveFromCart" time="3.886"/>
  <testcase classname="EXLAT_PACKAGE.Sauce_login" name="Login" time="0.397"/>
</testsuite> <!-- Exlat_Parellel_Test -->
