<?xml version="1.0" encoding="UTF-8"?>
<testng-results ignored="0" total="4" passed="4" failed="0" skipped="0">
  <reporter-output>
  </reporter-output>
  <suite started-at="2023-10-16T13:00:50 IST" name="Suite" finished-at="2023-10-16T13:02:00 IST" duration-ms="70309">
    <groups>
    </groups>
    <test started-at="2023-10-16T13:00:50 IST" name="Exlat_Parellel_Test" finished-at="2023-10-16T13:02:00 IST" duration-ms="70309">
      <class name="EXLAT_PACKAGE.SauceLogOut">
        <test-method is-config="true" signature="beforeMethod()[pri:0, instance:EXLAT_PACKAGE.SauceLogOut@16eb3ea3]" started-at="2023-10-16T13:01:39 IST" name="beforeMethod" finished-at="2023-10-16T13:01:40 IST" duration-ms="852" status="PASS">
          <reporter-output>
          </reporter-output>
        </test-method> <!-- beforeMethod -->
        <test-method signature="logout()[pri:0, instance:EXLAT_PACKAGE.SauceLogOut@16eb3ea3]" started-at="2023-10-16T13:01:40 IST" name="logout" finished-at="2023-10-16T13:01:45 IST" duration-ms="5306" status="PASS">
          <reporter-output>
          </reporter-output>
        </test-method> <!-- logout -->
        <test-method is-config="true" signature="aftermethod()[pri:0, instance:EXLAT_PACKAGE.SauceLogOut@16eb3ea3]" started-at="2023-10-16T13:01:45 IST" name="aftermethod" finished-at="2023-10-16T13:01:45 IST" duration-ms="1" status="PASS">
          <reporter-output>
          </reporter-output>
        </test-method> <!-- aftermethod -->
      </class> <!-- EXLAT_PACKAGE.SauceLogOut -->
      <class name="EXLAT_PACKAGE.SauceAddToCartTest">
        <test-method is-config="true" signature="beforeMethod()[pri:0, instance:EXLAT_PACKAGE.SauceAddToCartTest@563f38c4]" started-at="2023-10-16T13:00:50 IST" name="beforeMethod" finished-at="2023-10-16T13:01:36 IST" duration-ms="46660" status="PASS">
          <reporter-output>
          </reporter-output>
        </test-method> <!-- beforeMethod -->
        <test-method signature="AddToCart()[pri:0, instance:EXLAT_PACKAGE.SauceAddToCartTest@563f38c4]" started-at="2023-10-16T13:01:36 IST" name="AddToCart" finished-at="2023-10-16T13:01:39 IST" duration-ms="2563" status="PASS">
          <reporter-output>
          </reporter-output>
        </test-method> <!-- AddToCart -->
        <test-method is-config="true" signature="aftermethod()[pri:0, instance:EXLAT_PACKAGE.SauceAddToCartTest@563f38c4]" started-at="2023-10-16T13:01:39 IST" name="aftermethod" finished-at="2023-10-16T13:01:39 IST" duration-ms="1" status="PASS">
          <reporter-output>
          </reporter-output>
        </test-method> <!-- aftermethod -->
      </class> <!-- EXLAT_PACKAGE.SauceAddToCartTest -->
      <class name="EXLAT_PACKAGE.SauceRemoveFromCart">
        <test-method is-config="true" signature="beforemethod()[pri:0, instance:EXLAT_PACKAGE.SauceRemoveFromCart@273444fe]" started-at="2023-10-16T13:01:45 IST" name="beforemethod" finished-at="2023-10-16T13:01:46 IST" duration-ms="916" status="PASS">
          <reporter-output>
          </reporter-output>
        </test-method> <!-- beforemethod -->
        <test-method signature="RemoveFromCart()[pri:0, instance:EXLAT_PACKAGE.SauceRemoveFromCart@273444fe]" started-at="2023-10-16T13:01:46 IST" name="RemoveFromCart" finished-at="2023-10-16T13:01:50 IST" duration-ms="3886" status="PASS">
          <reporter-output>
          </reporter-output>
        </test-method> <!-- RemoveFromCart -->
        <test-method is-config="true" signature="aftermethod()[pri:0, instance:EXLAT_PACKAGE.SauceRemoveFromCart@273444fe]" started-at="2023-10-16T13:01:50 IST" name="aftermethod" finished-at="2023-10-16T13:01:50 IST" duration-ms="1" status="PASS">
          <reporter-output>
          </reporter-output>
        </test-method> <!-- aftermethod -->
      </class> <!-- EXLAT_PACKAGE.SauceRemoveFromCart -->
      <class name="EXLAT_PACKAGE.Sauce_login">
        <test-method is-config="true" signature="beforeMethod()[pri:0, instance:EXLAT_PACKAGE.Sauce_login@33bc72d1]" started-at="2023-10-16T13:01:50 IST" name="beforeMethod" finished-at="2023-10-16T13:01:59 IST" duration-ms="9604" status="PASS">
          <reporter-output>
          </reporter-output>
        </test-method> <!-- beforeMethod -->
        <test-method signature="Login()[pri:0, instance:EXLAT_PACKAGE.Sauce_login@33bc72d1]" started-at="2023-10-16T13:01:59 IST" name="Login" finished-at="2023-10-16T13:02:00 IST" duration-ms="397" status="PASS">
          <reporter-output>
          </reporter-output>
        </test-method> <!-- Login -->
        <test-method is-config="true" signature="aftermethod()[pri:0, instance:EXLAT_PACKAGE.Sauce_login@33bc72d1]" started-at="2023-10-16T13:02:00 IST" name="aftermethod" finished-at="2023-10-16T13:02:00 IST" duration-ms="1" status="PASS">
          <reporter-output>
          </reporter-output>
        </test-method> <!-- aftermethod -->
      </class> <!-- EXLAT_PACKAGE.Sauce_login -->
    </test> <!-- Exlat_Parellel_Test -->
  </suite> <!-- Suite -->
</testng-results>
